"BUILD PROCESS START" 
        1 fichier(s) copi‚(s).
        1 fichier(s) copi‚(s).
        1 fichier(s) copi‚(s).
        1 fichier(s) copi‚(s).
        1 fichier(s) copi‚(s).
Replacement Process done :
Line buffer size : 1024, Found lines : 55
Unchanged lines : 54, Replaced occurences : 1
Replacement Process done :
Line buffer size : 1024, Found lines : 54
Unchanged lines : 53, Replaced occurences : 1
Concat process : Done.
Replacement Process done :
Line buffer size : 1024, Found lines : 1359
Unchanged lines : 1229, Replaced occurences : 130
Replacement Process done :
Line buffer size : 1024, Found lines : 1229
Unchanged lines : 1219, Replaced occurences : 10
Replacement Process done :
Line buffer size : 1024, Found lines : 1219
Unchanged lines : 1218, Replaced occurences : 1
Replacement Process done :
Line buffer size : 1024, Found lines : 1219
Unchanged lines : 1218, Replaced occurences : 1
Replacement Process done :
Line buffer size : 1024, Found lines : 1219
Unchanged lines : 1218, Replaced occurences : 1
        1 fichier(s) d‚plac‚(s).
"BUILD PROCESS END" 
